INFO:waybackpack.pack: Fetching http://www.ice.gov/287g/ @ 20170118064640
INFO:waybackpack.session: Waiting 30 second(s) before retrying.
INFO:waybackpack.session: Waiting 30 second(s) before retrying.
INFO:waybackpack.session: Maximum retries reached, skipping.
INFO:waybackpack.pack: Sleeping 15 seconds
INFO:waybackpack.pack: Fetching http://www.ice.gov/287g/ @ 20170118064641
INFO:waybackpack.session: Waiting 30 second(s) before retrying.
INFO:waybackpack.session: Waiting 30 second(s) before retrying.
INFO:waybackpack.session: Maximum retries reached, skipping.
INFO:waybackpack.pack: Sleeping 15 seconds
INFO:waybackpack.pack: Fetching http://www.ice.gov/287g/ @ 20170120034354
INFO:waybackpack.pack: Writing to /Users/jimenakiser/Desktop/287g/data/wayback/icegov/2017/20170120034354/www.ice.gov/287g/index.html

INFO:waybackpack.pack: Sleeping 15 seconds
INFO:waybackpack.pack: Fetching http://www.ice.gov/287g/ @ 20170204090324
INFO:waybackpack.pack: Writing to /Users/jimenakiser/Desktop/287g/data/wayback/icegov/2017/20170204090324/www.ice.gov/287g/index.html

INFO:waybackpack.pack: Sleeping 15 seconds
INFO:waybackpack.pack: Fetching http://www.ice.gov/287g/ @ 20170206130559
INFO:waybackpack.pack: Writing to /Users/jimenakiser/Desktop/287g/data/wayback/icegov/2017/20170206130559/www.ice.gov/287g/index.html

INFO:waybackpack.pack: Sleeping 15 seconds
INFO:waybackpack.pack: Fetching http://www.ice.gov/287g/ @ 20170206130609
INFO:waybackpack.pack: Writing to /Users/jimenakiser/Desktop/287g/data/wayback/icegov/2017/20170206130609/www.ice.gov/287g/index.html

INFO:waybackpack.pack: Sleeping 15 seconds
INFO:waybackpack.pack: Fetching http://www.ice.gov/287g/ @ 20170207052213
INFO:waybackpack.pack: Writing to /Users/jimenakiser/Desktop/287g/data/wayback/icegov/2017/20170207052213/www.ice.gov/287g/index.html

INFO:waybackpack.pack: Sleeping 15 seconds
INFO:waybackpack.pack: Fetching http://www.ice.gov/287g/ @ 20170207052233
INFO:waybackpack.pack: Writing to /Users/jimenakiser/Desktop/287g/data/wayback/icegov/2017/20170207052233/www.ice.gov/287g/index.html

INFO:waybackpack.pack: Sleeping 15 seconds
INFO:waybackpack.pack: Fetching http://www.ice.gov/287g/ @ 20170222011918
INFO:waybackpack.pack: Writing to /Users/jimenakiser/Desktop/287g/data/wayback/icegov/2017/20170222011918/www.ice.gov/287g/index.html

INFO:waybackpack.pack: Sleeping 15 seconds
INFO:waybackpack.pack: Fetching http://www.ice.gov/287g/ @ 20170224215001
INFO:waybackpack.session: Waiting 30 second(s) before retrying.
INFO:waybackpack.session: Waiting 30 second(s) before retrying.
INFO:waybackpack.session: Maximum retries reached, skipping.
INFO:waybackpack.pack: Sleeping 15 seconds
INFO:waybackpack.pack: Fetching http://www.ice.gov/287g/ @ 20170224215005
INFO:waybackpack.session: Waiting 30 second(s) before retrying.
INFO:waybackpack.session: Waiting 30 second(s) before retrying.
INFO:waybackpack.session: Maximum retries reached, skipping.
INFO:waybackpack.pack: Sleeping 15 seconds
INFO:waybackpack.pack: Fetching http://www.ice.gov/287g/ @ 20170225202447
INFO:waybackpack.session: Waiting 30 second(s) before retrying.
INFO:waybackpack.session: Waiting 30 second(s) before retrying.
INFO:waybackpack.session: Maximum retries reached, skipping.
INFO:waybackpack.pack: Sleeping 15 seconds
INFO:waybackpack.pack: Fetching http://www.ice.gov/287g/ @ 20170317235744
INFO:waybackpack.pack: Writing to /Users/jimenakiser/Desktop/287g/data/wayback/icegov/2017/20170317235744/www.ice.gov/287g/index.html

INFO:waybackpack.pack: Sleeping 15 seconds
INFO:waybackpack.pack: Fetching http://www.ice.gov/287g/ @ 20170406061446
INFO:waybackpack.pack: Writing to /Users/jimenakiser/Desktop/287g/data/wayback/icegov/2017/20170406061446/www.ice.gov/287g/index.html

INFO:waybackpack.pack: Sleeping 15 seconds
INFO:waybackpack.pack: Fetching http://www.ice.gov/287g/ @ 20170406061625
INFO:waybackpack.pack: Writing to /Users/jimenakiser/Desktop/287g/data/wayback/icegov/2017/20170406061625/www.ice.gov/287g/index.html

INFO:waybackpack.pack: Sleeping 15 seconds
INFO:waybackpack.pack: Fetching http://www.ice.gov/287g/ @ 20170427012127
INFO:waybackpack.pack: Writing to /Users/jimenakiser/Desktop/287g/data/wayback/icegov/2017/20170427012127/www.ice.gov/287g/index.html

INFO:waybackpack.pack: Sleeping 15 seconds
INFO:waybackpack.pack: Fetching http://www.ice.gov/287g/ @ 20170504124156
INFO:waybackpack.pack: Writing to /Users/jimenakiser/Desktop/287g/data/wayback/icegov/2017/20170504124156/www.ice.gov/287g/index.html

INFO:waybackpack.pack: Sleeping 15 seconds
INFO:waybackpack.pack: Fetching http://www.ice.gov/287g/ @ 20170505105322
INFO:waybackpack.pack: Writing to /Users/jimenakiser/Desktop/287g/data/wayback/icegov/2017/20170505105322/www.ice.gov/287g/index.html

INFO:waybackpack.pack: Sleeping 15 seconds
INFO:waybackpack.pack: Fetching http://www.ice.gov/287g/ @ 20170506032429
INFO:waybackpack.pack: Writing to /Users/jimenakiser/Desktop/287g/data/wayback/icegov/2017/20170506032429/www.ice.gov/287g/index.html

INFO:waybackpack.pack: Sleeping 15 seconds
INFO:waybackpack.pack: Fetching http://www.ice.gov/287g/ @ 20170507052949
INFO:waybackpack.pack: Writing to /Users/jimenakiser/Desktop/287g/data/wayback/icegov/2017/20170507052949/www.ice.gov/287g/index.html

INFO:waybackpack.pack: Sleeping 15 seconds
INFO:waybackpack.pack: Fetching http://www.ice.gov/287g/ @ 20170508121418
INFO:waybackpack.pack: Writing to /Users/jimenakiser/Desktop/287g/data/wayback/icegov/2017/20170508121418/www.ice.gov/287g/index.html

INFO:waybackpack.pack: Sleeping 15 seconds
INFO:waybackpack.pack: Fetching http://www.ice.gov/287g/ @ 20170510103135
INFO:waybackpack.pack: Writing to /Users/jimenakiser/Desktop/287g/data/wayback/icegov/2017/20170510103135/www.ice.gov/287g/index.html

INFO:waybackpack.pack: Sleeping 15 seconds
INFO:waybackpack.pack: Fetching http://www.ice.gov/287g/ @ 20170511125354
INFO:waybackpack.pack: Writing to /Users/jimenakiser/Desktop/287g/data/wayback/icegov/2017/20170511125354/www.ice.gov/287g/index.html

INFO:waybackpack.pack: Sleeping 15 seconds
INFO:waybackpack.pack: Fetching http://www.ice.gov/287g/ @ 20170512113226
INFO:waybackpack.pack: Writing to /Users/jimenakiser/Desktop/287g/data/wayback/icegov/2017/20170512113226/www.ice.gov/287g/index.html

INFO:waybackpack.pack: Sleeping 15 seconds
INFO:waybackpack.pack: Fetching http://www.ice.gov/287g/ @ 20170515170647
INFO:waybackpack.pack: Writing to /Users/jimenakiser/Desktop/287g/data/wayback/icegov/2017/20170515170647/www.ice.gov/287g/index.html

INFO:waybackpack.pack: Sleeping 15 seconds
INFO:waybackpack.pack: Fetching http://www.ice.gov/287g/ @ 20170516055022
INFO:waybackpack.pack: Writing to /Users/jimenakiser/Desktop/287g/data/wayback/icegov/2017/20170516055022/www.ice.gov/287g/index.html

INFO:waybackpack.pack: Sleeping 15 seconds
INFO:waybackpack.pack: Fetching http://www.ice.gov/287g/ @ 20170517082840
INFO:waybackpack.pack: Writing to /Users/jimenakiser/Desktop/287g/data/wayback/icegov/2017/20170517082840/www.ice.gov/287g/index.html

INFO:waybackpack.pack: Sleeping 15 seconds
INFO:waybackpack.pack: Fetching http://www.ice.gov/287g/ @ 20170519042720
INFO:waybackpack.pack: Writing to /Users/jimenakiser/Desktop/287g/data/wayback/icegov/2017/20170519042720/www.ice.gov/287g/index.html

INFO:waybackpack.pack: Sleeping 15 seconds
INFO:waybackpack.pack: Fetching http://www.ice.gov/287g/ @ 20170522000413
INFO:waybackpack.pack: Writing to /Users/jimenakiser/Desktop/287g/data/wayback/icegov/2017/20170522000413/www.ice.gov/287g/index.html

INFO:waybackpack.pack: Sleeping 15 seconds
INFO:waybackpack.pack: Fetching http://www.ice.gov/287g/ @ 20170523125609
INFO:waybackpack.pack: Writing to /Users/jimenakiser/Desktop/287g/data/wayback/icegov/2017/20170523125609/www.ice.gov/287g/index.html

INFO:waybackpack.pack: Sleeping 15 seconds
INFO:waybackpack.pack: Fetching http://www.ice.gov/287g/ @ 20170526095240
INFO:waybackpack.pack: Writing to /Users/jimenakiser/Desktop/287g/data/wayback/icegov/2017/20170526095240/www.ice.gov/287g/index.html

INFO:waybackpack.pack: Sleeping 15 seconds
INFO:waybackpack.pack: Fetching http://www.ice.gov/287g/ @ 20170529083006
INFO:waybackpack.pack: Writing to /Users/jimenakiser/Desktop/287g/data/wayback/icegov/2017/20170529083006/www.ice.gov/287g/index.html

INFO:waybackpack.pack: Sleeping 15 seconds
INFO:waybackpack.pack: Fetching http://www.ice.gov/287g/ @ 20170531091026
INFO:waybackpack.pack: Writing to /Users/jimenakiser/Desktop/287g/data/wayback/icegov/2017/20170531091026/www.ice.gov/287g/index.html

INFO:waybackpack.pack: Sleeping 15 seconds
INFO:waybackpack.pack: Fetching http://www.ice.gov/287g/ @ 20170601054100
INFO:waybackpack.pack: Writing to /Users/jimenakiser/Desktop/287g/data/wayback/icegov/2017/20170601054100/www.ice.gov/287g/index.html

INFO:waybackpack.pack: Sleeping 15 seconds
INFO:waybackpack.pack: Fetching http://www.ice.gov/287g/ @ 20170602024649
INFO:waybackpack.pack: Writing to /Users/jimenakiser/Desktop/287g/data/wayback/icegov/2017/20170602024649/www.ice.gov/287g/index.html

INFO:waybackpack.pack: Sleeping 15 seconds
INFO:waybackpack.pack: Fetching http://www.ice.gov/287g/ @ 20170604015144
INFO:waybackpack.pack: Writing to /Users/jimenakiser/Desktop/287g/data/wayback/icegov/2017/20170604015144/www.ice.gov/287g/index.html

INFO:waybackpack.pack: Sleeping 15 seconds
INFO:waybackpack.pack: Fetching http://www.ice.gov/287g/ @ 20170605054823
INFO:waybackpack.pack: Writing to /Users/jimenakiser/Desktop/287g/data/wayback/icegov/2017/20170605054823/www.ice.gov/287g/index.html

INFO:waybackpack.pack: Sleeping 15 seconds
INFO:waybackpack.pack: Fetching http://www.ice.gov/287g/ @ 20170606052627
INFO:waybackpack.pack: Writing to /Users/jimenakiser/Desktop/287g/data/wayback/icegov/2017/20170606052627/www.ice.gov/287g/index.html

INFO:waybackpack.pack: Sleeping 15 seconds
INFO:waybackpack.pack: Fetching http://www.ice.gov/287g/ @ 20170607020531
INFO:waybackpack.pack: Writing to /Users/jimenakiser/Desktop/287g/data/wayback/icegov/2017/20170607020531/www.ice.gov/287g/index.html

INFO:waybackpack.pack: Sleeping 15 seconds
INFO:waybackpack.pack: Fetching http://www.ice.gov/287g/ @ 20170608060938
INFO:waybackpack.pack: Writing to /Users/jimenakiser/Desktop/287g/data/wayback/icegov/2017/20170608060938/www.ice.gov/287g/index.html

INFO:waybackpack.pack: Sleeping 15 seconds
INFO:waybackpack.pack: Fetching http://www.ice.gov/287g/ @ 20170609083700
INFO:waybackpack.pack: Writing to /Users/jimenakiser/Desktop/287g/data/wayback/icegov/2017/20170609083700/www.ice.gov/287g/index.html

INFO:waybackpack.pack: Sleeping 15 seconds
INFO:waybackpack.pack: Fetching http://www.ice.gov/287g/ @ 20170611084830
INFO:waybackpack.pack: Writing to /Users/jimenakiser/Desktop/287g/data/wayback/icegov/2017/20170611084830/www.ice.gov/287g/index.html

INFO:waybackpack.pack: Sleeping 15 seconds
INFO:waybackpack.pack: Fetching http://www.ice.gov/287g/ @ 20170612155204
INFO:waybackpack.pack: Writing to /Users/jimenakiser/Desktop/287g/data/wayback/icegov/2017/20170612155204/www.ice.gov/287g/index.html

INFO:waybackpack.pack: Sleeping 15 seconds
INFO:waybackpack.pack: Fetching http://www.ice.gov/287g/ @ 20170613212655
INFO:waybackpack.pack: Writing to /Users/jimenakiser/Desktop/287g/data/wayback/icegov/2017/20170613212655/www.ice.gov/287g/index.html

INFO:waybackpack.pack: Sleeping 15 seconds
INFO:waybackpack.pack: Fetching http://www.ice.gov/287g/ @ 20170615091656
INFO:waybackpack.pack: Writing to /Users/jimenakiser/Desktop/287g/data/wayback/icegov/2017/20170615091656/www.ice.gov/287g/index.html

INFO:waybackpack.pack: Sleeping 15 seconds
INFO:waybackpack.pack: Fetching http://www.ice.gov/287g/ @ 20170616193634
INFO:waybackpack.pack: Writing to /Users/jimenakiser/Desktop/287g/data/wayback/icegov/2017/20170616193634/www.ice.gov/287g/index.html

INFO:waybackpack.pack: Sleeping 15 seconds
INFO:waybackpack.pack: Fetching http://www.ice.gov/287g/ @ 20170617212220
INFO:waybackpack.pack: Writing to /Users/jimenakiser/Desktop/287g/data/wayback/icegov/2017/20170617212220/www.ice.gov/287g/index.html

INFO:waybackpack.pack: Sleeping 15 seconds
INFO:waybackpack.pack: Fetching http://www.ice.gov/287g/ @ 20170618052855
INFO:waybackpack.pack: Writing to /Users/jimenakiser/Desktop/287g/data/wayback/icegov/2017/20170618052855/www.ice.gov/287g/index.html

INFO:waybackpack.pack: Sleeping 15 seconds
INFO:waybackpack.pack: Fetching http://www.ice.gov/287g/ @ 20170618052856
INFO:waybackpack.pack: Writing to /Users/jimenakiser/Desktop/287g/data/wayback/icegov/2017/20170618052856/www.ice.gov/287g/index.html

INFO:waybackpack.pack: Sleeping 15 seconds
INFO:waybackpack.pack: Fetching http://www.ice.gov/287g/ @ 20170619043816
INFO:waybackpack.pack: Writing to /Users/jimenakiser/Desktop/287g/data/wayback/icegov/2017/20170619043816/www.ice.gov/287g/index.html

INFO:waybackpack.pack: Sleeping 15 seconds
INFO:waybackpack.pack: Fetching http://www.ice.gov/287g/ @ 20170619185037
INFO:waybackpack.pack: Writing to /Users/jimenakiser/Desktop/287g/data/wayback/icegov/2017/20170619185037/www.ice.gov/287g/index.html

INFO:waybackpack.pack: Sleeping 15 seconds
INFO:waybackpack.pack: Fetching http://www.ice.gov/287g/ @ 20170622182033
INFO:waybackpack.pack: Writing to /Users/jimenakiser/Desktop/287g/data/wayback/icegov/2017/20170622182033/www.ice.gov/287g/index.html

INFO:waybackpack.pack: Sleeping 15 seconds
INFO:waybackpack.pack: Fetching http://www.ice.gov/287g/ @ 20170623034049
INFO:waybackpack.pack: Writing to /Users/jimenakiser/Desktop/287g/data/wayback/icegov/2017/20170623034049/www.ice.gov/287g/index.html

INFO:waybackpack.pack: Sleeping 15 seconds
INFO:waybackpack.pack: Fetching http://www.ice.gov/287g/ @ 20170624073810
INFO:waybackpack.pack: Writing to /Users/jimenakiser/Desktop/287g/data/wayback/icegov/2017/20170624073810/www.ice.gov/287g/index.html

INFO:waybackpack.pack: Sleeping 15 seconds
INFO:waybackpack.pack: Fetching http://www.ice.gov/287g/ @ 20170627022020
INFO:waybackpack.session: Waiting 30 second(s) before retrying.
INFO:waybackpack.pack: Writing to /Users/jimenakiser/Desktop/287g/data/wayback/icegov/2017/20170627022020/www.ice.gov/287g/index.html

INFO:waybackpack.pack: Sleeping 15 seconds
INFO:waybackpack.pack: Fetching http://www.ice.gov/287g/ @ 20170628061938
INFO:waybackpack.pack: Writing to /Users/jimenakiser/Desktop/287g/data/wayback/icegov/2017/20170628061938/www.ice.gov/287g/index.html

INFO:waybackpack.pack: Sleeping 15 seconds
INFO:waybackpack.pack: Fetching http://www.ice.gov/287g/ @ 20170701013734
INFO:waybackpack.pack: Writing to /Users/jimenakiser/Desktop/287g/data/wayback/icegov/2017/20170701013734/www.ice.gov/287g/index.html

INFO:waybackpack.pack: Sleeping 15 seconds
INFO:waybackpack.pack: Fetching http://www.ice.gov/287g/ @ 20170702010844
INFO:waybackpack.pack: Writing to /Users/jimenakiser/Desktop/287g/data/wayback/icegov/2017/20170702010844/www.ice.gov/287g/index.html

INFO:waybackpack.pack: Sleeping 15 seconds
INFO:waybackpack.pack: Fetching http://www.ice.gov/287g/ @ 20170702053238
INFO:waybackpack.pack: Writing to /Users/jimenakiser/Desktop/287g/data/wayback/icegov/2017/20170702053238/www.ice.gov/287g/index.html

INFO:waybackpack.pack: Sleeping 15 seconds
INFO:waybackpack.pack: Fetching http://www.ice.gov/287g/ @ 20170703011330
INFO:waybackpack.pack: Writing to /Users/jimenakiser/Desktop/287g/data/wayback/icegov/2017/20170703011330/www.ice.gov/287g/index.html

INFO:waybackpack.pack: Sleeping 15 seconds
INFO:waybackpack.pack: Fetching http://www.ice.gov/287g/ @ 20170706181758
INFO:waybackpack.pack: Writing to /Users/jimenakiser/Desktop/287g/data/wayback/icegov/2017/20170706181758/www.ice.gov/287g/index.html

INFO:waybackpack.pack: Sleeping 15 seconds
INFO:waybackpack.pack: Fetching http://www.ice.gov/287g/ @ 20170708021949
INFO:waybackpack.pack: Writing to /Users/jimenakiser/Desktop/287g/data/wayback/icegov/2017/20170708021949/www.ice.gov/287g/index.html

INFO:waybackpack.pack: Sleeping 15 seconds
INFO:waybackpack.pack: Fetching http://www.ice.gov/287g/ @ 20170709014602
INFO:waybackpack.pack: Writing to /Users/jimenakiser/Desktop/287g/data/wayback/icegov/2017/20170709014602/www.ice.gov/287g/index.html

INFO:waybackpack.pack: Sleeping 15 seconds
INFO:waybackpack.pack: Fetching http://www.ice.gov/287g/ @ 20170712073420
INFO:waybackpack.pack: Writing to /Users/jimenakiser/Desktop/287g/data/wayback/icegov/2017/20170712073420/www.ice.gov/287g/index.html

INFO:waybackpack.pack: Sleeping 15 seconds
INFO:waybackpack.pack: Fetching http://www.ice.gov/287g/ @ 20170714053926
INFO:waybackpack.pack: Writing to /Users/jimenakiser/Desktop/287g/data/wayback/icegov/2017/20170714053926/www.ice.gov/287g/index.html

INFO:waybackpack.pack: Sleeping 15 seconds
INFO:waybackpack.pack: Fetching http://www.ice.gov/287g/ @ 20170714224005
INFO:waybackpack.pack: Writing to /Users/jimenakiser/Desktop/287g/data/wayback/icegov/2017/20170714224005/www.ice.gov/287g/index.html

INFO:waybackpack.pack: Sleeping 15 seconds
INFO:waybackpack.pack: Fetching http://www.ice.gov/287g/ @ 20170716064336
INFO:waybackpack.pack: Writing to /Users/jimenakiser/Desktop/287g/data/wayback/icegov/2017/20170716064336/www.ice.gov/287g/index.html

INFO:waybackpack.pack: Sleeping 15 seconds
INFO:waybackpack.pack: Fetching http://www.ice.gov/287g/ @ 20170720065640
INFO:waybackpack.pack: Writing to /Users/jimenakiser/Desktop/287g/data/wayback/icegov/2017/20170720065640/www.ice.gov/287g/index.html

INFO:waybackpack.pack: Sleeping 15 seconds
INFO:waybackpack.pack: Fetching http://www.ice.gov/287g/ @ 20170720095141
INFO:waybackpack.pack: Writing to /Users/jimenakiser/Desktop/287g/data/wayback/icegov/2017/20170720095141/www.ice.gov/287g/index.html

INFO:waybackpack.pack: Sleeping 15 seconds
INFO:waybackpack.pack: Fetching http://www.ice.gov/287g/ @ 20170721090617
INFO:waybackpack.pack: Writing to /Users/jimenakiser/Desktop/287g/data/wayback/icegov/2017/20170721090617/www.ice.gov/287g/index.html

INFO:waybackpack.pack: Sleeping 15 seconds
