INFO:waybackpack.pack: Fetching http://www.ice.gov/factsheets/287g @ 20150106221351
INFO:waybackpack.pack: Writing to /Users/jimenakiser/Desktop/287g/data/wayback/factsheets/2015/20150106221351/www.ice.gov/factsheets/287g

INFO:waybackpack.pack: Sleeping 15 seconds
INFO:waybackpack.pack: Fetching http://www.ice.gov/factsheets/287g @ 20150213232336
INFO:waybackpack.pack: Writing to /Users/jimenakiser/Desktop/287g/data/wayback/factsheets/2015/20150213232336/www.ice.gov/factsheets/287g

INFO:waybackpack.pack: Sleeping 15 seconds
INFO:waybackpack.pack: Fetching http://www.ice.gov/factsheets/287g @ 20150331220344
INFO:waybackpack.pack: Writing to /Users/jimenakiser/Desktop/287g/data/wayback/factsheets/2015/20150331220344/www.ice.gov/factsheets/287g

INFO:waybackpack.pack: Sleeping 15 seconds
INFO:waybackpack.pack: Fetching http://www.ice.gov/factsheets/287g @ 20150409113951
INFO:waybackpack.pack: Writing to /Users/jimenakiser/Desktop/287g/data/wayback/factsheets/2015/20150409113951/www.ice.gov/factsheets/287g

INFO:waybackpack.pack: Sleeping 15 seconds
INFO:waybackpack.pack: Fetching http://www.ice.gov/factsheets/287g @ 20150416134553
INFO:waybackpack.pack: Writing to /Users/jimenakiser/Desktop/287g/data/wayback/factsheets/2015/20150416134553/www.ice.gov/factsheets/287g

INFO:waybackpack.pack: Sleeping 15 seconds
INFO:waybackpack.pack: Fetching http://www.ice.gov/factsheets/287g @ 20150429193535
INFO:waybackpack.pack: Writing to /Users/jimenakiser/Desktop/287g/data/wayback/factsheets/2015/20150429193535/www.ice.gov/factsheets/287g

INFO:waybackpack.pack: Sleeping 15 seconds
INFO:waybackpack.pack: Fetching http://www.ice.gov/factsheets/287g @ 20150725035210
INFO:waybackpack.pack: Writing to /Users/jimenakiser/Desktop/287g/data/wayback/factsheets/2015/20150725035210/www.ice.gov/factsheets/287g

INFO:waybackpack.pack: Sleeping 15 seconds
INFO:waybackpack.pack: Fetching http://www.ice.gov/factsheets/287g @ 20150905094152
INFO:waybackpack.pack: Writing to /Users/jimenakiser/Desktop/287g/data/wayback/factsheets/2015/20150905094152/www.ice.gov/factsheets/287g

INFO:waybackpack.pack: Sleeping 15 seconds
INFO:waybackpack.pack: Fetching http://www.ice.gov/factsheets/287g @ 20150915074234
INFO:waybackpack.pack: Writing to /Users/jimenakiser/Desktop/287g/data/wayback/factsheets/2015/20150915074234/www.ice.gov/factsheets/287g

INFO:waybackpack.pack: Sleeping 15 seconds
INFO:waybackpack.pack: Fetching http://www.ice.gov/factsheets/287g @ 20151009132322
INFO:waybackpack.pack: Writing to /Users/jimenakiser/Desktop/287g/data/wayback/factsheets/2015/20151009132322/www.ice.gov/factsheets/287g

INFO:waybackpack.pack: Sleeping 15 seconds
INFO:waybackpack.pack: Fetching http://www.ice.gov/factsheets/287g @ 20151229204923
INFO:waybackpack.pack: Writing to /Users/jimenakiser/Desktop/287g/data/wayback/factsheets/2015/20151229204923/www.ice.gov/factsheets/287g

INFO:waybackpack.pack: Sleeping 15 seconds
INFO:waybackpack.pack: Fetching http://www.ice.gov/factsheets/287g @ 20151229225456
INFO:waybackpack.pack: Writing to /Users/jimenakiser/Desktop/287g/data/wayback/factsheets/2015/20151229225456/www.ice.gov/factsheets/287g

INFO:waybackpack.pack: Fetching http://www.ice.gov/factsheets/287g @ 20160119003252
INFO:waybackpack.pack: Writing to /Users/jimenakiser/Desktop/287g/data/wayback/factsheets/2016/20160119003252/www.ice.gov/factsheets/287g

INFO:waybackpack.pack: Sleeping 15 seconds
INFO:waybackpack.pack: Fetching http://www.ice.gov/factsheets/287g @ 20160221060936
INFO:waybackpack.pack: Writing to /Users/jimenakiser/Desktop/287g/data/wayback/factsheets/2016/20160221060936/www.ice.gov/factsheets/287g

INFO:waybackpack.pack: Sleeping 15 seconds
INFO:waybackpack.pack: Fetching http://www.ice.gov/factsheets/287g @ 20160221060943
INFO:waybackpack.pack: Writing to /Users/jimenakiser/Desktop/287g/data/wayback/factsheets/2016/20160221060943/www.ice.gov/factsheets/287g

INFO:waybackpack.pack: Sleeping 15 seconds
INFO:waybackpack.pack: Fetching http://www.ice.gov/factsheets/287g @ 20160317154302
INFO:waybackpack.pack: Writing to /Users/jimenakiser/Desktop/287g/data/wayback/factsheets/2016/20160317154302/www.ice.gov/factsheets/287g

INFO:waybackpack.pack: Sleeping 15 seconds
INFO:waybackpack.pack: Fetching http://www.ice.gov/factsheets/287g @ 20160401231250
INFO:waybackpack.pack: Writing to /Users/jimenakiser/Desktop/287g/data/wayback/factsheets/2016/20160401231250/www.ice.gov/factsheets/287g

INFO:waybackpack.pack: Sleeping 15 seconds
INFO:waybackpack.pack: Fetching http://www.ice.gov/factsheets/287g @ 20160412180347
INFO:waybackpack.pack: Writing to /Users/jimenakiser/Desktop/287g/data/wayback/factsheets/2016/20160412180347/www.ice.gov/factsheets/287g

INFO:waybackpack.pack: Sleeping 15 seconds
INFO:waybackpack.pack: Fetching http://www.ice.gov/factsheets/287g @ 20160611151543
INFO:waybackpack.pack: Writing to /Users/jimenakiser/Desktop/287g/data/wayback/factsheets/2016/20160611151543/www.ice.gov/factsheets/287g

INFO:waybackpack.pack: Sleeping 15 seconds
INFO:waybackpack.pack: Fetching http://www.ice.gov/factsheets/287g @ 20160820000823
INFO:waybackpack.pack: Writing to /Users/jimenakiser/Desktop/287g/data/wayback/factsheets/2016/20160820000823/www.ice.gov/factsheets/287g

INFO:waybackpack.pack: Sleeping 15 seconds
INFO:waybackpack.pack: Fetching http://www.ice.gov/factsheets/287g @ 20160826172838
INFO:waybackpack.pack: Writing to /Users/jimenakiser/Desktop/287g/data/wayback/factsheets/2016/20160826172838/www.ice.gov/factsheets/287g

INFO:waybackpack.pack: Sleeping 15 seconds
INFO:waybackpack.pack: Fetching http://www.ice.gov/factsheets/287g @ 20161121042821
INFO:waybackpack.pack: Writing to /Users/jimenakiser/Desktop/287g/data/wayback/factsheets/2016/20161121042821/www.ice.gov/factsheets/287g

INFO:waybackpack.pack: Sleeping 15 seconds
INFO:waybackpack.pack: Fetching http://www.ice.gov/factsheets/287g @ 20161123205059
INFO:waybackpack.pack: Writing to /Users/jimenakiser/Desktop/287g/data/wayback/factsheets/2016/20161123205059/www.ice.gov/factsheets/287g

INFO:waybackpack.pack: Sleeping 15 seconds
INFO:waybackpack.pack: Fetching http://www.ice.gov/factsheets/287g @ 20161128164041
INFO:waybackpack.pack: Writing to /Users/jimenakiser/Desktop/287g/data/wayback/factsheets/2016/20161128164041/www.ice.gov/factsheets/287g

INFO:waybackpack.pack: Sleeping 15 seconds
INFO:waybackpack.pack: Fetching http://www.ice.gov/factsheets/287g @ 20161211024641
INFO:waybackpack.pack: Writing to /Users/jimenakiser/Desktop/287g/data/wayback/factsheets/2016/20161211024641/www.ice.gov/factsheets/287g

INFO:waybackpack.pack: Sleeping 15 seconds
INFO:waybackpack.pack: Fetching http://www.ice.gov/factsheets/287g @ 20161231061836
INFO:waybackpack.pack: Writing to /Users/jimenakiser/Desktop/287g/data/wayback/factsheets/2016/20161231061836/www.ice.gov/factsheets/287g

INFO:waybackpack.pack: Fetching http://www.ice.gov/factsheets/287g @ 20170118064645
INFO:waybackpack.session: Waiting 30 second(s) before retrying.
INFO:waybackpack.session: Waiting 30 second(s) before retrying.
INFO:waybackpack.session: Maximum retries reached, skipping.
INFO:waybackpack.pack: Sleeping 15 seconds
INFO:waybackpack.pack: Fetching http://www.ice.gov/factsheets/287g @ 20170118064645
INFO:waybackpack.session: Waiting 30 second(s) before retrying.
INFO:waybackpack.session: Waiting 30 second(s) before retrying.
INFO:waybackpack.session: Maximum retries reached, skipping.
INFO:waybackpack.pack: Sleeping 15 seconds
INFO:waybackpack.pack: Fetching http://www.ice.gov/factsheets/287g @ 20170129002131
INFO:waybackpack.pack: Writing to /Users/jimenakiser/Desktop/287g/data/wayback/factsheets/2017/20170129002131/www.ice.gov/factsheets/287g

INFO:waybackpack.pack: Sleeping 15 seconds
INFO:waybackpack.pack: Fetching http://www.ice.gov/factsheets/287g @ 20170130093506
INFO:waybackpack.pack: Writing to /Users/jimenakiser/Desktop/287g/data/wayback/factsheets/2017/20170130093506/www.ice.gov/factsheets/287g

INFO:waybackpack.pack: Sleeping 15 seconds
INFO:waybackpack.pack: Fetching http://www.ice.gov/factsheets/287g @ 20170202181312
INFO:waybackpack.session: Waiting 30 second(s) before retrying.
INFO:waybackpack.session: Waiting 30 second(s) before retrying.
INFO:waybackpack.session: Maximum retries reached, skipping.
INFO:waybackpack.pack: Sleeping 15 seconds
INFO:waybackpack.pack: Fetching http://www.ice.gov/factsheets/287g @ 20170204202237
INFO:waybackpack.pack: Writing to /Users/jimenakiser/Desktop/287g/data/wayback/factsheets/2017/20170204202237/www.ice.gov/factsheets/287g

INFO:waybackpack.pack: Sleeping 15 seconds
INFO:waybackpack.pack: Fetching http://www.ice.gov/factsheets/287g @ 20170207085600
INFO:waybackpack.pack: Writing to /Users/jimenakiser/Desktop/287g/data/wayback/factsheets/2017/20170207085600/www.ice.gov/factsheets/287g

INFO:waybackpack.pack: Sleeping 15 seconds
INFO:waybackpack.pack: Fetching http://www.ice.gov/factsheets/287g @ 20170207085602
INFO:waybackpack.pack: Writing to /Users/jimenakiser/Desktop/287g/data/wayback/factsheets/2017/20170207085602/www.ice.gov/factsheets/287g

INFO:waybackpack.pack: Sleeping 15 seconds
INFO:waybackpack.pack: Fetching http://www.ice.gov/factsheets/287g @ 20170208220015
INFO:waybackpack.pack: Writing to /Users/jimenakiser/Desktop/287g/data/wayback/factsheets/2017/20170208220015/www.ice.gov/factsheets/287g

INFO:waybackpack.pack: Sleeping 15 seconds
INFO:waybackpack.pack: Fetching http://www.ice.gov/factsheets/287g @ 20170209152015
INFO:waybackpack.pack: Writing to /Users/jimenakiser/Desktop/287g/data/wayback/factsheets/2017/20170209152015/www.ice.gov/factsheets/287g

INFO:waybackpack.pack: Sleeping 15 seconds
INFO:waybackpack.pack: Fetching http://www.ice.gov/factsheets/287g @ 20170210013739
INFO:waybackpack.pack: Writing to /Users/jimenakiser/Desktop/287g/data/wayback/factsheets/2017/20170210013739/www.ice.gov/factsheets/287g

INFO:waybackpack.pack: Sleeping 15 seconds
INFO:waybackpack.pack: Fetching http://www.ice.gov/factsheets/287g @ 20170211233104
INFO:waybackpack.pack: Writing to /Users/jimenakiser/Desktop/287g/data/wayback/factsheets/2017/20170211233104/www.ice.gov/factsheets/287g

INFO:waybackpack.pack: Sleeping 15 seconds
INFO:waybackpack.pack: Fetching http://www.ice.gov/factsheets/287g @ 20170216223227
INFO:waybackpack.pack: Writing to /Users/jimenakiser/Desktop/287g/data/wayback/factsheets/2017/20170216223227/www.ice.gov/factsheets/287g

INFO:waybackpack.pack: Sleeping 15 seconds
INFO:waybackpack.pack: Fetching http://www.ice.gov/factsheets/287g @ 20170220215412
INFO:waybackpack.pack: Writing to /Users/jimenakiser/Desktop/287g/data/wayback/factsheets/2017/20170220215412/www.ice.gov/factsheets/287g

INFO:waybackpack.pack: Sleeping 15 seconds
INFO:waybackpack.pack: Fetching http://www.ice.gov/factsheets/287g @ 20170221203739
INFO:waybackpack.pack: Writing to /Users/jimenakiser/Desktop/287g/data/wayback/factsheets/2017/20170221203739/www.ice.gov/factsheets/287g

INFO:waybackpack.pack: Sleeping 15 seconds
INFO:waybackpack.pack: Fetching http://www.ice.gov/factsheets/287g @ 20170222010218
INFO:waybackpack.pack: Writing to /Users/jimenakiser/Desktop/287g/data/wayback/factsheets/2017/20170222010218/www.ice.gov/factsheets/287g

INFO:waybackpack.pack: Sleeping 15 seconds
INFO:waybackpack.pack: Fetching http://www.ice.gov/factsheets/287g @ 20170222044527
INFO:waybackpack.session: Waiting 30 second(s) before retrying.
INFO:waybackpack.session: Waiting 30 second(s) before retrying.
INFO:waybackpack.session: Maximum retries reached, skipping.
INFO:waybackpack.pack: Sleeping 15 seconds
INFO:waybackpack.pack: Fetching http://www.ice.gov/factsheets/287g @ 20170222044529
INFO:waybackpack.session: Waiting 30 second(s) before retrying.
INFO:waybackpack.session: Waiting 30 second(s) before retrying.
INFO:waybackpack.session: Maximum retries reached, skipping.
INFO:waybackpack.pack: Sleeping 15 seconds
INFO:waybackpack.pack: Fetching http://www.ice.gov/factsheets/287g @ 20170222050615
INFO:waybackpack.pack: Writing to /Users/jimenakiser/Desktop/287g/data/wayback/factsheets/2017/20170222050615/www.ice.gov/factsheets/287g

INFO:waybackpack.pack: Sleeping 15 seconds
INFO:waybackpack.pack: Fetching http://www.ice.gov/factsheets/287g @ 20170222170600
INFO:waybackpack.pack: Writing to /Users/jimenakiser/Desktop/287g/data/wayback/factsheets/2017/20170222170600/www.ice.gov/factsheets/287g

INFO:waybackpack.pack: Sleeping 15 seconds
INFO:waybackpack.pack: Fetching http://www.ice.gov/factsheets/287g @ 20170222213550
INFO:waybackpack.pack: Writing to /Users/jimenakiser/Desktop/287g/data/wayback/factsheets/2017/20170222213550/www.ice.gov/factsheets/287g

INFO:waybackpack.pack: Sleeping 15 seconds
INFO:waybackpack.pack: Fetching http://www.ice.gov/factsheets/287g @ 20170223113758
INFO:waybackpack.pack: Writing to /Users/jimenakiser/Desktop/287g/data/wayback/factsheets/2017/20170223113758/www.ice.gov/factsheets/287g

INFO:waybackpack.pack: Sleeping 15 seconds
INFO:waybackpack.pack: Fetching http://www.ice.gov/factsheets/287g @ 20170224022051
INFO:waybackpack.pack: Writing to /Users/jimenakiser/Desktop/287g/data/wayback/factsheets/2017/20170224022051/www.ice.gov/factsheets/287g

INFO:waybackpack.pack: Sleeping 15 seconds
INFO:waybackpack.pack: Fetching http://www.ice.gov/factsheets/287g @ 20170224214220
INFO:waybackpack.pack: Writing to /Users/jimenakiser/Desktop/287g/data/wayback/factsheets/2017/20170224214220/www.ice.gov/factsheets/287g

INFO:waybackpack.pack: Sleeping 15 seconds
INFO:waybackpack.pack: Fetching http://www.ice.gov/factsheets/287g @ 20170305225317
INFO:waybackpack.pack: Writing to /Users/jimenakiser/Desktop/287g/data/wayback/factsheets/2017/20170305225317/www.ice.gov/factsheets/287g

INFO:waybackpack.pack: Sleeping 15 seconds
INFO:waybackpack.pack: Fetching http://www.ice.gov/factsheets/287g @ 20170314184511
INFO:waybackpack.pack: Writing to /Users/jimenakiser/Desktop/287g/data/wayback/factsheets/2017/20170314184511/www.ice.gov/factsheets/287g

INFO:waybackpack.pack: Sleeping 15 seconds
INFO:waybackpack.pack: Fetching http://www.ice.gov/factsheets/287g @ 20170314190043
INFO:waybackpack.pack: Writing to /Users/jimenakiser/Desktop/287g/data/wayback/factsheets/2017/20170314190043/www.ice.gov/factsheets/287g

INFO:waybackpack.pack: Sleeping 15 seconds
INFO:waybackpack.pack: Fetching http://www.ice.gov/factsheets/287g @ 20170319022831
INFO:waybackpack.pack: Writing to /Users/jimenakiser/Desktop/287g/data/wayback/factsheets/2017/20170319022831/www.ice.gov/factsheets/287g

INFO:waybackpack.pack: Sleeping 15 seconds
INFO:waybackpack.pack: Fetching http://www.ice.gov/factsheets/287g @ 20170405194649
INFO:waybackpack.pack: Writing to /Users/jimenakiser/Desktop/287g/data/wayback/factsheets/2017/20170405194649/www.ice.gov/factsheets/287g

INFO:waybackpack.pack: Sleeping 15 seconds
INFO:waybackpack.pack: Fetching http://www.ice.gov/factsheets/287g @ 20170407174824
INFO:waybackpack.pack: Writing to /Users/jimenakiser/Desktop/287g/data/wayback/factsheets/2017/20170407174824/www.ice.gov/factsheets/287g

INFO:waybackpack.pack: Sleeping 15 seconds
INFO:waybackpack.pack: Fetching http://www.ice.gov/factsheets/287g @ 20170427123609
INFO:waybackpack.pack: Writing to /Users/jimenakiser/Desktop/287g/data/wayback/factsheets/2017/20170427123609/www.ice.gov/factsheets/287g

INFO:waybackpack.pack: Sleeping 15 seconds
INFO:waybackpack.pack: Fetching http://www.ice.gov/factsheets/287g @ 20170429162921
INFO:waybackpack.pack: Writing to /Users/jimenakiser/Desktop/287g/data/wayback/factsheets/2017/20170429162921/www.ice.gov/factsheets/287g

INFO:waybackpack.pack: Sleeping 15 seconds
INFO:waybackpack.pack: Fetching http://www.ice.gov/factsheets/287g @ 20170502020801
INFO:waybackpack.pack: Writing to /Users/jimenakiser/Desktop/287g/data/wayback/factsheets/2017/20170502020801/www.ice.gov/factsheets/287g

INFO:waybackpack.pack: Sleeping 15 seconds
INFO:waybackpack.pack: Fetching http://www.ice.gov/factsheets/287g @ 20170507170314
INFO:waybackpack.pack: Writing to /Users/jimenakiser/Desktop/287g/data/wayback/factsheets/2017/20170507170314/www.ice.gov/factsheets/287g

INFO:waybackpack.pack: Sleeping 15 seconds
INFO:waybackpack.pack: Fetching http://www.ice.gov/factsheets/287g @ 20170509115605
INFO:waybackpack.pack: Writing to /Users/jimenakiser/Desktop/287g/data/wayback/factsheets/2017/20170509115605/www.ice.gov/factsheets/287g

INFO:waybackpack.pack: Sleeping 15 seconds
INFO:waybackpack.pack: Fetching http://www.ice.gov/factsheets/287g @ 20170512053725
INFO:waybackpack.pack: Writing to /Users/jimenakiser/Desktop/287g/data/wayback/factsheets/2017/20170512053725/www.ice.gov/factsheets/287g

INFO:waybackpack.pack: Sleeping 15 seconds
INFO:waybackpack.pack: Fetching http://www.ice.gov/factsheets/287g @ 20170516113544
INFO:waybackpack.pack: Writing to /Users/jimenakiser/Desktop/287g/data/wayback/factsheets/2017/20170516113544/www.ice.gov/factsheets/287g

INFO:waybackpack.pack: Sleeping 15 seconds
INFO:waybackpack.pack: Fetching http://www.ice.gov/factsheets/287g @ 20170519145843
INFO:waybackpack.pack: Writing to /Users/jimenakiser/Desktop/287g/data/wayback/factsheets/2017/20170519145843/www.ice.gov/factsheets/287g

INFO:waybackpack.pack: Sleeping 15 seconds
INFO:waybackpack.pack: Fetching http://www.ice.gov/factsheets/287g @ 20170523112709
INFO:waybackpack.pack: Writing to /Users/jimenakiser/Desktop/287g/data/wayback/factsheets/2017/20170523112709/www.ice.gov/factsheets/287g

INFO:waybackpack.pack: Sleeping 15 seconds
INFO:waybackpack.pack: Fetching http://www.ice.gov/factsheets/287g @ 20170523125937
INFO:waybackpack.pack: Writing to /Users/jimenakiser/Desktop/287g/data/wayback/factsheets/2017/20170523125937/www.ice.gov/factsheets/287g

INFO:waybackpack.pack: Sleeping 15 seconds
INFO:waybackpack.pack: Fetching http://www.ice.gov/factsheets/287g @ 20170604015118
INFO:waybackpack.pack: Writing to /Users/jimenakiser/Desktop/287g/data/wayback/factsheets/2017/20170604015118/www.ice.gov/factsheets/287g

INFO:waybackpack.pack: Sleeping 15 seconds
INFO:waybackpack.pack: Fetching http://www.ice.gov/factsheets/287g @ 20170604232825
INFO:waybackpack.pack: Writing to /Users/jimenakiser/Desktop/287g/data/wayback/factsheets/2017/20170604232825/www.ice.gov/factsheets/287g

INFO:waybackpack.pack: Sleeping 15 seconds
INFO:waybackpack.pack: Fetching http://www.ice.gov/factsheets/287g @ 20170611082954
INFO:waybackpack.pack: Writing to /Users/jimenakiser/Desktop/287g/data/wayback/factsheets/2017/20170611082954/www.ice.gov/factsheets/287g

INFO:waybackpack.pack: Sleeping 15 seconds
INFO:waybackpack.pack: Fetching http://www.ice.gov/factsheets/287g @ 20170616085613
INFO:waybackpack.pack: Writing to /Users/jimenakiser/Desktop/287g/data/wayback/factsheets/2017/20170616085613/www.ice.gov/factsheets/287g

INFO:waybackpack.pack: Sleeping 15 seconds
INFO:waybackpack.pack: Fetching http://www.ice.gov/factsheets/287g @ 20170619154947
INFO:waybackpack.pack: Writing to /Users/jimenakiser/Desktop/287g/data/wayback/factsheets/2017/20170619154947/www.ice.gov/factsheets/287g

INFO:waybackpack.pack: Sleeping 15 seconds
INFO:waybackpack.pack: Fetching http://www.ice.gov/factsheets/287g @ 20170625013643
INFO:waybackpack.pack: Writing to /Users/jimenakiser/Desktop/287g/data/wayback/factsheets/2017/20170625013643/www.ice.gov/factsheets/287g

INFO:waybackpack.pack: Sleeping 15 seconds
INFO:waybackpack.pack: Fetching http://www.ice.gov/factsheets/287g @ 20170625033820
INFO:waybackpack.pack: Writing to /Users/jimenakiser/Desktop/287g/data/wayback/factsheets/2017/20170625033820/www.ice.gov/factsheets/287g

INFO:waybackpack.pack: Sleeping 15 seconds
INFO:waybackpack.pack: Fetching http://www.ice.gov/factsheets/287g @ 20170627062025
INFO:waybackpack.pack: Writing to /Users/jimenakiser/Desktop/287g/data/wayback/factsheets/2017/20170627062025/www.ice.gov/factsheets/287g

INFO:waybackpack.pack: Sleeping 15 seconds
INFO:waybackpack.pack: Fetching http://www.ice.gov/factsheets/287g @ 20170627133356
INFO:waybackpack.pack: Writing to /Users/jimenakiser/Desktop/287g/data/wayback/factsheets/2017/20170627133356/www.ice.gov/factsheets/287g

INFO:waybackpack.pack: Sleeping 15 seconds
INFO:waybackpack.pack: Fetching http://www.ice.gov/factsheets/287g @ 20170630133315
INFO:waybackpack.pack: Writing to /Users/jimenakiser/Desktop/287g/data/wayback/factsheets/2017/20170630133315/www.ice.gov/factsheets/287g

INFO:waybackpack.pack: Sleeping 15 seconds
INFO:waybackpack.pack: Fetching http://www.ice.gov/factsheets/287g @ 20170630133316
INFO:waybackpack.pack: Writing to /Users/jimenakiser/Desktop/287g/data/wayback/factsheets/2017/20170630133316/www.ice.gov/factsheets/287g

INFO:waybackpack.pack: Sleeping 15 seconds
INFO:waybackpack.pack: Fetching http://www.ice.gov/factsheets/287g @ 20170702181319
INFO:waybackpack.pack: Writing to /Users/jimenakiser/Desktop/287g/data/wayback/factsheets/2017/20170702181319/www.ice.gov/factsheets/287g

INFO:waybackpack.pack: Sleeping 15 seconds
INFO:waybackpack.pack: Fetching http://www.ice.gov/factsheets/287g @ 20170703183212
INFO:waybackpack.pack: Writing to /Users/jimenakiser/Desktop/287g/data/wayback/factsheets/2017/20170703183212/www.ice.gov/factsheets/287g

INFO:waybackpack.pack: Sleeping 15 seconds
INFO:waybackpack.pack: Fetching http://www.ice.gov/factsheets/287g @ 20170704193830
INFO:waybackpack.pack: Writing to /Users/jimenakiser/Desktop/287g/data/wayback/factsheets/2017/20170704193830/www.ice.gov/factsheets/287g

INFO:waybackpack.pack: Sleeping 15 seconds
INFO:waybackpack.pack: Fetching http://www.ice.gov/factsheets/287g @ 20170709183119
INFO:waybackpack.pack: Writing to /Users/jimenakiser/Desktop/287g/data/wayback/factsheets/2017/20170709183119/www.ice.gov/factsheets/287g

INFO:waybackpack.pack: Sleeping 15 seconds
INFO:waybackpack.pack: Fetching http://www.ice.gov/factsheets/287g @ 20170712171830
INFO:waybackpack.pack: Writing to /Users/jimenakiser/Desktop/287g/data/wayback/factsheets/2017/20170712171830/www.ice.gov/factsheets/287g

INFO:waybackpack.pack: Sleeping 15 seconds
INFO:waybackpack.pack: Fetching http://www.ice.gov/factsheets/287g @ 20170712171831
INFO:waybackpack.pack: Writing to /Users/jimenakiser/Desktop/287g/data/wayback/factsheets/2017/20170712171831/www.ice.gov/factsheets/287g

INFO:waybackpack.pack: Sleeping 15 seconds
INFO:waybackpack.pack: Fetching http://www.ice.gov/factsheets/287g @ 20170713103754
INFO:waybackpack.pack: Writing to /Users/jimenakiser/Desktop/287g/data/wayback/factsheets/2017/20170713103754/www.ice.gov/factsheets/287g

INFO:waybackpack.pack: Sleeping 15 seconds
INFO:waybackpack.pack: Fetching http://www.ice.gov/factsheets/287g @ 20170713103755
INFO:waybackpack.pack: Writing to /Users/jimenakiser/Desktop/287g/data/wayback/factsheets/2017/20170713103755/www.ice.gov/factsheets/287g

INFO:waybackpack.pack: Sleeping 15 seconds
INFO:waybackpack.pack: Fetching http://www.ice.gov/factsheets/287g @ 20170719164445
INFO:waybackpack.pack: Writing to /Users/jimenakiser/Desktop/287g/data/wayback/factsheets/2017/20170719164445/www.ice.gov/factsheets/287g

INFO:waybackpack.pack: Sleeping 15 seconds
INFO:waybackpack.pack: Fetching http://www.ice.gov/factsheets/287g @ 20170720085752
INFO:waybackpack.pack: Writing to /Users/jimenakiser/Desktop/287g/data/wayback/factsheets/2017/20170720085752/www.ice.gov/factsheets/287g

INFO:waybackpack.pack: Sleeping 15 seconds
INFO:waybackpack.pack: Fetching http://www.ice.gov/factsheets/287g @ 20170720085753
INFO:waybackpack.pack: Writing to /Users/jimenakiser/Desktop/287g/data/wayback/factsheets/2017/20170720085753/www.ice.gov/factsheets/287g

INFO:waybackpack.pack: Sleeping 15 seconds
INFO:waybackpack.pack: Fetching http://www.ice.gov/factsheets/287g @ 20170726071158
INFO:waybackpack.pack: Writing to /Users/jimenakiser/Desktop/287g/data/wayback/factsheets/2017/20170726071158/www.ice.gov/factsheets/287g

INFO:waybackpack.pack: Sleeping 15 seconds
INFO:waybackpack.pack: Fetching http://www.ice.gov/factsheets/287g @ 20170726071242
INFO:waybackpack.pack: Writing to /Users/jimenakiser/Desktop/287g/data/wayback/factsheets/2017/20170726071242/www.ice.gov/factsheets/287g

INFO:waybackpack.pack: Sleeping 15 seconds
INFO:waybackpack.pack: Fetching http://www.ice.gov/factsheets/287g @ 20170727141046
INFO:waybackpack.pack: Writing to /Users/jimenakiser/Desktop/287g/data/wayback/factsheets/2017/20170727141046/www.ice.gov/factsheets/287g

INFO:waybackpack.pack: Sleeping 15 seconds
INFO:waybackpack.pack: Fetching http://www.ice.gov/factsheets/287g @ 20170728010932
INFO:waybackpack.pack: Writing to /Users/jimenakiser/Desktop/287g/data/wayback/factsheets/2017/20170728010932/www.ice.gov/factsheets/287g

INFO:waybackpack.pack: Sleeping 15 seconds
INFO:waybackpack.pack: Fetching http://www.ice.gov/factsheets/287g @ 20170729171857
INFO:waybackpack.pack: Writing to /Users/jimenakiser/Desktop/287g/data/wayback/factsheets/2017/20170729171857/www.ice.gov/factsheets/287g

INFO:waybackpack.pack: Sleeping 15 seconds
INFO:waybackpack.pack: Fetching http://www.ice.gov/factsheets/287g @ 20170801021304
INFO:waybackpack.pack: Writing to /Users/jimenakiser/Desktop/287g/data/wayback/factsheets/2017/20170801021304/www.ice.gov/factsheets/287g

INFO:waybackpack.pack: Sleeping 15 seconds
INFO:waybackpack.pack: Fetching http://www.ice.gov/factsheets/287g @ 20170802010532
INFO:waybackpack.pack: Writing to /Users/jimenakiser/Desktop/287g/data/wayback/factsheets/2017/20170802010532/www.ice.gov/factsheets/287g

INFO:waybackpack.pack: Sleeping 15 seconds
INFO:waybackpack.pack: Fetching http://www.ice.gov/factsheets/287g @ 20170803001950
INFO:waybackpack.pack: Writing to /Users/jimenakiser/Desktop/287g/data/wayback/factsheets/2017/20170803001950/www.ice.gov/factsheets/287g

INFO:waybackpack.pack: Sleeping 15 seconds
INFO:waybackpack.pack: Fetching http://www.ice.gov/factsheets/287g @ 20170804003309
INFO:waybackpack.pack: Writing to /Users/jimenakiser/Desktop/287g/data/wayback/factsheets/2017/20170804003309/www.ice.gov/factsheets/287g

INFO:waybackpack.pack: Sleeping 15 seconds
INFO:waybackpack.pack: Fetching http://www.ice.gov/factsheets/287g @ 20170804140919
INFO:waybackpack.pack: Writing to /Users/jimenakiser/Desktop/287g/data/wayback/factsheets/2017/20170804140919/www.ice.gov/factsheets/287g

INFO:waybackpack.pack: Sleeping 15 seconds
INFO:waybackpack.pack: Fetching http://www.ice.gov/factsheets/287g @ 20170805002652
INFO:waybackpack.pack: Writing to /Users/jimenakiser/Desktop/287g/data/wayback/factsheets/2017/20170805002652/www.ice.gov/factsheets/287g

INFO:waybackpack.pack: Sleeping 15 seconds
INFO:waybackpack.pack: Fetching http://www.ice.gov/factsheets/287g @ 20170806005211
INFO:waybackpack.pack: Writing to /Users/jimenakiser/Desktop/287g/data/wayback/factsheets/2017/20170806005211/www.ice.gov/factsheets/287g

INFO:waybackpack.pack: Sleeping 15 seconds
INFO:waybackpack.pack: Fetching http://www.ice.gov/factsheets/287g @ 20170806212106
INFO:waybackpack.pack: Writing to /Users/jimenakiser/Desktop/287g/data/wayback/factsheets/2017/20170806212106/www.ice.gov/factsheets/287g

INFO:waybackpack.pack: Sleeping 15 seconds
INFO:waybackpack.pack: Fetching http://www.ice.gov/factsheets/287g @ 20170807003550
INFO:waybackpack.pack: Writing to /Users/jimenakiser/Desktop/287g/data/wayback/factsheets/2017/20170807003550/www.ice.gov/factsheets/287g

INFO:waybackpack.pack: Sleeping 15 seconds
INFO:waybackpack.pack: Fetching http://www.ice.gov/factsheets/287g @ 20170808004259
INFO:waybackpack.pack: Writing to /Users/jimenakiser/Desktop/287g/data/wayback/factsheets/2017/20170808004259/www.ice.gov/factsheets/287g

INFO:waybackpack.pack: Sleeping 15 seconds
INFO:waybackpack.pack: Fetching http://www.ice.gov/factsheets/287g @ 20170809013124
INFO:waybackpack.pack: Writing to /Users/jimenakiser/Desktop/287g/data/wayback/factsheets/2017/20170809013124/www.ice.gov/factsheets/287g

INFO:waybackpack.pack: Sleeping 15 seconds
INFO:waybackpack.pack: Fetching http://www.ice.gov/factsheets/287g @ 20170810120012
INFO:waybackpack.pack: Writing to /Users/jimenakiser/Desktop/287g/data/wayback/factsheets/2017/20170810120012/www.ice.gov/factsheets/287g

INFO:waybackpack.pack: Sleeping 15 seconds
INFO:waybackpack.pack: Fetching http://www.ice.gov/factsheets/287g @ 20170810120013
INFO:waybackpack.pack: Writing to /Users/jimenakiser/Desktop/287g/data/wayback/factsheets/2017/20170810120013/www.ice.gov/factsheets/287g

INFO:waybackpack.pack: Sleeping 15 seconds
INFO:waybackpack.pack: Fetching http://www.ice.gov/factsheets/287g @ 20170811064107
INFO:waybackpack.pack: Writing to /Users/jimenakiser/Desktop/287g/data/wayback/factsheets/2017/20170811064107/www.ice.gov/factsheets/287g

INFO:waybackpack.pack: Sleeping 15 seconds
INFO:waybackpack.pack: Fetching http://www.ice.gov/factsheets/287g @ 20170812101314
INFO:waybackpack.pack: Writing to /Users/jimenakiser/Desktop/287g/data/wayback/factsheets/2017/20170812101314/www.ice.gov/factsheets/287g

INFO:waybackpack.pack: Sleeping 15 seconds
INFO:waybackpack.pack: Fetching http://www.ice.gov/factsheets/287g @ 20170813085507
INFO:waybackpack.pack: Writing to /Users/jimenakiser/Desktop/287g/data/wayback/factsheets/2017/20170813085507/www.ice.gov/factsheets/287g

INFO:waybackpack.pack: Sleeping 15 seconds
INFO:waybackpack.pack: Fetching http://www.ice.gov/factsheets/287g @ 20170814082100
INFO:waybackpack.pack: Writing to /Users/jimenakiser/Desktop/287g/data/wayback/factsheets/2017/20170814082100/www.ice.gov/factsheets/287g

INFO:waybackpack.pack: Sleeping 15 seconds
INFO:waybackpack.pack: Fetching http://www.ice.gov/factsheets/287g @ 20170815070355
INFO:waybackpack.pack: Writing to /Users/jimenakiser/Desktop/287g/data/wayback/factsheets/2017/20170815070355/www.ice.gov/factsheets/287g

INFO:waybackpack.pack: Sleeping 15 seconds
INFO:waybackpack.pack: Fetching http://www.ice.gov/factsheets/287g @ 20170815101620
INFO:waybackpack.pack: Writing to /Users/jimenakiser/Desktop/287g/data/wayback/factsheets/2017/20170815101620/www.ice.gov/factsheets/287g

INFO:waybackpack.pack: Sleeping 15 seconds
INFO:waybackpack.pack: Fetching http://www.ice.gov/factsheets/287g @ 20170815112607
INFO:waybackpack.session: Waiting 30 second(s) before retrying.
INFO:waybackpack.session: Waiting 30 second(s) before retrying.
INFO:waybackpack.session: Maximum retries reached, skipping.
INFO:waybackpack.pack: Sleeping 15 seconds
INFO:waybackpack.pack: Fetching http://www.ice.gov/factsheets/287g @ 20170816015035
INFO:waybackpack.pack: Writing to /Users/jimenakiser/Desktop/287g/data/wayback/factsheets/2017/20170816015035/www.ice.gov/factsheets/287g

INFO:waybackpack.pack: Sleeping 15 seconds
INFO:waybackpack.pack: Fetching http://www.ice.gov/factsheets/287g @ 20170817150613
INFO:waybackpack.pack: Writing to /Users/jimenakiser/Desktop/287g/data/wayback/factsheets/2017/20170817150613/www.ice.gov/factsheets/287g

INFO:waybackpack.pack: Sleeping 15 seconds
INFO:waybackpack.pack: Fetching http://www.ice.gov/factsheets/287g @ 20170819150322
INFO:waybackpack.pack: Writing to /Users/jimenakiser/Desktop/287g/data/wayback/factsheets/2017/20170819150322/www.ice.gov/factsheets/287g

INFO:waybackpack.pack: Sleeping 15 seconds
INFO:waybackpack.pack: Fetching http://www.ice.gov/factsheets/287g @ 20170820055013
INFO:waybackpack.pack: Writing to /Users/jimenakiser/Desktop/287g/data/wayback/factsheets/2017/20170820055013/www.ice.gov/factsheets/287g

INFO:waybackpack.pack: Sleeping 15 seconds
INFO:waybackpack.pack: Fetching http://www.ice.gov/factsheets/287g @ 20170821020449
INFO:waybackpack.pack: Writing to /Users/jimenakiser/Desktop/287g/data/wayback/factsheets/2017/20170821020449/www.ice.gov/factsheets/287g

INFO:waybackpack.pack: Sleeping 15 seconds
INFO:waybackpack.pack: Fetching http://www.ice.gov/factsheets/287g @ 20170822015157
INFO:waybackpack.pack: Writing to /Users/jimenakiser/Desktop/287g/data/wayback/factsheets/2017/20170822015157/www.ice.gov/factsheets/287g

INFO:waybackpack.pack: Sleeping 15 seconds
INFO:waybackpack.pack: Fetching http://www.ice.gov/factsheets/287g @ 20170823035828
INFO:waybackpack.pack: Writing to /Users/jimenakiser/Desktop/287g/data/wayback/factsheets/2017/20170823035828/www.ice.gov/factsheets/287g

INFO:waybackpack.pack: Sleeping 15 seconds
INFO:waybackpack.pack: Fetching http://www.ice.gov/factsheets/287g @ 20170825002432
INFO:waybackpack.pack: Writing to /Users/jimenakiser/Desktop/287g/data/wayback/factsheets/2017/20170825002432/www.ice.gov/factsheets/287g

INFO:waybackpack.pack: Sleeping 15 seconds
INFO:waybackpack.pack: Fetching http://www.ice.gov/factsheets/287g @ 20170826060735
INFO:waybackpack.pack: Writing to /Users/jimenakiser/Desktop/287g/data/wayback/factsheets/2017/20170826060735/www.ice.gov/factsheets/287g

INFO:waybackpack.pack: Sleeping 15 seconds
INFO:waybackpack.pack: Fetching http://www.ice.gov/factsheets/287g @ 20170827110356
INFO:waybackpack.pack: Writing to /Users/jimenakiser/Desktop/287g/data/wayback/factsheets/2017/20170827110356/www.ice.gov/factsheets/287g

INFO:waybackpack.pack: Sleeping 15 seconds
INFO:waybackpack.pack: Fetching http://www.ice.gov/factsheets/287g @ 20170830135101
INFO:waybackpack.pack: Writing to /Users/jimenakiser/Desktop/287g/data/wayback/factsheets/2017/20170830135101/www.ice.gov/factsheets/287g

INFO:waybackpack.pack: Sleeping 15 seconds
INFO:waybackpack.pack: Fetching http://www.ice.gov/factsheets/287g @ 20170831125541
INFO:waybackpack.pack: Writing to /Users/jimenakiser/Desktop/287g/data/wayback/factsheets/2017/20170831125541/www.ice.gov/factsheets/287g

INFO:waybackpack.pack: Sleeping 15 seconds
INFO:waybackpack.pack: Fetching http://www.ice.gov/factsheets/287g @ 20170831201735
INFO:waybackpack.pack: Writing to /Users/jimenakiser/Desktop/287g/data/wayback/factsheets/2017/20170831201735/www.ice.gov/factsheets/287g

INFO:waybackpack.pack: Sleeping 15 seconds
INFO:waybackpack.pack: Fetching http://www.ice.gov/factsheets/287g @ 20170901155551
INFO:waybackpack.session: Waiting 30 second(s) before retrying.
INFO:waybackpack.session: Waiting 30 second(s) before retrying.
INFO:waybackpack.session: Maximum retries reached, skipping.
INFO:waybackpack.pack: Sleeping 15 seconds
INFO:waybackpack.pack: Fetching http://www.ice.gov/factsheets/287g @ 20170902115954
INFO:waybackpack.pack: Writing to /Users/jimenakiser/Desktop/287g/data/wayback/factsheets/2017/20170902115954/www.ice.gov/factsheets/287g

INFO:waybackpack.pack: Sleeping 15 seconds
INFO:waybackpack.pack: Fetching http://www.ice.gov/factsheets/287g @ 20170904033629
INFO:waybackpack.session: Waiting 30 second(s) before retrying.
INFO:waybackpack.session: Waiting 30 second(s) before retrying.
INFO:waybackpack.session: Maximum retries reached, skipping.
INFO:waybackpack.pack: Sleeping 15 seconds
INFO:waybackpack.pack: Fetching http://www.ice.gov/factsheets/287g @ 20170904210450
INFO:waybackpack.pack: Writing to /Users/jimenakiser/Desktop/287g/data/wayback/factsheets/2017/20170904210450/www.ice.gov/factsheets/287g

INFO:waybackpack.pack: Sleeping 15 seconds
INFO:waybackpack.pack: Fetching http://www.ice.gov/factsheets/287g @ 20170906060202
INFO:waybackpack.pack: Writing to /Users/jimenakiser/Desktop/287g/data/wayback/factsheets/2017/20170906060202/www.ice.gov/factsheets/287g

INFO:waybackpack.pack: Sleeping 15 seconds
INFO:waybackpack.pack: Fetching http://www.ice.gov/factsheets/287g @ 20170916145545
INFO:waybackpack.pack: Writing to /Users/jimenakiser/Desktop/287g/data/wayback/factsheets/2017/20170916145545/www.ice.gov/factsheets/287g

INFO:waybackpack.pack: Sleeping 15 seconds
INFO:waybackpack.pack: Fetching http://www.ice.gov/factsheets/287g @ 20170918075539
INFO:waybackpack.pack: Writing to /Users/jimenakiser/Desktop/287g/data/wayback/factsheets/2017/20170918075539/www.ice.gov/factsheets/287g

INFO:waybackpack.pack: Sleeping 15 seconds
INFO:waybackpack.pack: Fetching http://www.ice.gov/factsheets/287g @ 20170918130502
INFO:waybackpack.pack: Writing to /Users/jimenakiser/Desktop/287g/data/wayback/factsheets/2017/20170918130502/www.ice.gov/factsheets/287g

INFO:waybackpack.pack: Sleeping 15 seconds
INFO:waybackpack.pack: Fetching http://www.ice.gov/factsheets/287g @ 20170919152442
INFO:waybackpack.pack: Writing to /Users/jimenakiser/Desktop/287g/data/wayback/factsheets/2017/20170919152442/www.ice.gov/factsheets/287g

INFO:waybackpack.pack: Sleeping 15 seconds
INFO:waybackpack.pack: Fetching http://www.ice.gov/factsheets/287g @ 20170922193416
INFO:waybackpack.pack: Writing to /Users/jimenakiser/Desktop/287g/data/wayback/factsheets/2017/20170922193416/www.ice.gov/factsheets/287g

INFO:waybackpack.pack: Sleeping 15 seconds
INFO:waybackpack.pack: Fetching http://www.ice.gov/factsheets/287g @ 20170925084605
INFO:waybackpack.pack: Writing to /Users/jimenakiser/Desktop/287g/data/wayback/factsheets/2017/20170925084605/www.ice.gov/factsheets/287g

INFO:waybackpack.pack: Sleeping 15 seconds
INFO:waybackpack.pack: Fetching http://www.ice.gov/factsheets/287g @ 20170925211052
INFO:waybackpack.session: Waiting 30 second(s) before retrying.
INFO:waybackpack.session: Waiting 30 second(s) before retrying.
INFO:waybackpack.session: Maximum retries reached, skipping.
INFO:waybackpack.pack: Sleeping 15 seconds
INFO:waybackpack.pack: Fetching http://www.ice.gov/factsheets/287g @ 20170927164113
INFO:waybackpack.pack: Writing to /Users/jimenakiser/Desktop/287g/data/wayback/factsheets/2017/20170927164113/www.ice.gov/factsheets/287g

INFO:waybackpack.pack: Sleeping 15 seconds
INFO:waybackpack.pack: Fetching http://www.ice.gov/factsheets/287g @ 20171006012402
INFO:waybackpack.pack: Writing to /Users/jimenakiser/Desktop/287g/data/wayback/factsheets/2017/20171006012402/www.ice.gov/factsheets/287g

INFO:waybackpack.pack: Sleeping 15 seconds
INFO:waybackpack.pack: Fetching http://www.ice.gov/factsheets/287g @ 20171008030235
INFO:waybackpack.pack: Writing to /Users/jimenakiser/Desktop/287g/data/wayback/factsheets/2017/20171008030235/www.ice.gov/factsheets/287g

INFO:waybackpack.pack: Sleeping 15 seconds
INFO:waybackpack.pack: Fetching http://www.ice.gov/factsheets/287g @ 20171012081703
INFO:waybackpack.pack: Writing to /Users/jimenakiser/Desktop/287g/data/wayback/factsheets/2017/20171012081703/www.ice.gov/factsheets/287g

INFO:waybackpack.pack: Sleeping 15 seconds
INFO:waybackpack.pack: Fetching http://www.ice.gov/factsheets/287g @ 20171012081704
INFO:waybackpack.pack: Writing to /Users/jimenakiser/Desktop/287g/data/wayback/factsheets/2017/20171012081704/www.ice.gov/factsheets/287g

INFO:waybackpack.pack: Sleeping 15 seconds
INFO:waybackpack.pack: Fetching http://www.ice.gov/factsheets/287g @ 20171019145533
INFO:waybackpack.pack: Writing to /Users/jimenakiser/Desktop/287g/data/wayback/factsheets/2017/20171019145533/www.ice.gov/factsheets/287g

INFO:waybackpack.pack: Sleeping 15 seconds
INFO:waybackpack.pack: Fetching http://www.ice.gov/factsheets/287g @ 20171021105635
INFO:waybackpack.pack: Writing to /Users/jimenakiser/Desktop/287g/data/wayback/factsheets/2017/20171021105635/www.ice.gov/factsheets/287g

INFO:waybackpack.pack: Sleeping 15 seconds
INFO:waybackpack.pack: Fetching http://www.ice.gov/factsheets/287g @ 20171105095908
INFO:waybackpack.pack: Writing to /Users/jimenakiser/Desktop/287g/data/wayback/factsheets/2017/20171105095908/www.ice.gov/factsheets/287g

INFO:waybackpack.pack: Sleeping 15 seconds
INFO:waybackpack.pack: Fetching http://www.ice.gov/factsheets/287g @ 20171111175545
INFO:waybackpack.pack: Writing to /Users/jimenakiser/Desktop/287g/data/wayback/factsheets/2017/20171111175545/www.ice.gov/factsheets/287g

INFO:waybackpack.pack: Sleeping 15 seconds
INFO:waybackpack.pack: Fetching http://www.ice.gov/factsheets/287g @ 20171111175546
INFO:waybackpack.pack: Writing to /Users/jimenakiser/Desktop/287g/data/wayback/factsheets/2017/20171111175546/www.ice.gov/factsheets/287g

INFO:waybackpack.pack: Sleeping 15 seconds
INFO:waybackpack.pack: Fetching http://www.ice.gov/factsheets/287g @ 20171115185712
INFO:waybackpack.pack: Writing to /Users/jimenakiser/Desktop/287g/data/wayback/factsheets/2017/20171115185712/www.ice.gov/factsheets/287g

INFO:waybackpack.pack: Sleeping 15 seconds
INFO:waybackpack.pack: Fetching http://www.ice.gov/factsheets/287g @ 20171118210621
INFO:waybackpack.pack: Writing to /Users/jimenakiser/Desktop/287g/data/wayback/factsheets/2017/20171118210621/www.ice.gov/factsheets/287g

INFO:waybackpack.pack: Sleeping 15 seconds
INFO:waybackpack.pack: Fetching http://www.ice.gov/factsheets/287g @ 20171119150351
INFO:waybackpack.pack: Writing to /Users/jimenakiser/Desktop/287g/data/wayback/factsheets/2017/20171119150351/www.ice.gov/factsheets/287g

INFO:waybackpack.pack: Sleeping 15 seconds
INFO:waybackpack.pack: Fetching http://www.ice.gov/factsheets/287g @ 20171119185123
INFO:waybackpack.pack: Writing to /Users/jimenakiser/Desktop/287g/data/wayback/factsheets/2017/20171119185123/www.ice.gov/factsheets/287g

INFO:waybackpack.pack: Sleeping 15 seconds
INFO:waybackpack.pack: Fetching http://www.ice.gov/factsheets/287g @ 20171120220715
INFO:waybackpack.pack: Writing to /Users/jimenakiser/Desktop/287g/data/wayback/factsheets/2017/20171120220715/www.ice.gov/factsheets/287g

INFO:waybackpack.pack: Sleeping 15 seconds
INFO:waybackpack.pack: Fetching http://www.ice.gov/factsheets/287g @ 20171121231805
INFO:waybackpack.pack: Writing to /Users/jimenakiser/Desktop/287g/data/wayback/factsheets/2017/20171121231805/www.ice.gov/factsheets/287g

INFO:waybackpack.pack: Sleeping 15 seconds
INFO:waybackpack.pack: Fetching http://www.ice.gov/factsheets/287g @ 20171122224446
INFO:waybackpack.pack: Writing to /Users/jimenakiser/Desktop/287g/data/wayback/factsheets/2017/20171122224446/www.ice.gov/factsheets/287g

INFO:waybackpack.pack: Sleeping 15 seconds
INFO:waybackpack.pack: Fetching http://www.ice.gov/factsheets/287g @ 20171207071549
INFO:waybackpack.pack: Writing to /Users/jimenakiser/Desktop/287g/data/wayback/factsheets/2017/20171207071549/www.ice.gov/factsheets/287g

INFO:waybackpack.pack: Sleeping 15 seconds
INFO:waybackpack.pack: Fetching http://www.ice.gov/factsheets/287g @ 20171223043455
INFO:waybackpack.pack: Writing to /Users/jimenakiser/Desktop/287g/data/wayback/factsheets/2017/20171223043455/www.ice.gov/factsheets/287g

INFO:waybackpack.pack: Sleeping 15 seconds
INFO:waybackpack.pack: Fetching http://www.ice.gov/factsheets/287g @ 20171228114250
INFO:waybackpack.pack: Writing to /Users/jimenakiser/Desktop/287g/data/wayback/factsheets/2017/20171228114250/www.ice.gov/factsheets/287g

INFO:waybackpack.pack: Sleeping 15 seconds
INFO:waybackpack.pack: Fetching http://www.ice.gov/factsheets/287g @ 20171228125552
INFO:waybackpack.pack: Writing to /Users/jimenakiser/Desktop/287g/data/wayback/factsheets/2017/20171228125552/www.ice.gov/factsheets/287g

INFO:waybackpack.pack: Sleeping 15 seconds
INFO:waybackpack.pack: Fetching http://www.ice.gov/factsheets/287g @ 20171229032153
INFO:waybackpack.pack: Writing to /Users/jimenakiser/Desktop/287g/data/wayback/factsheets/2017/20171229032153/www.ice.gov/factsheets/287g

